七月 09, 2014 1:16:16 下午 org.apache.catalina.core.AprLifecycleListener init
INFO: The APR based Apache Tomcat Native library which allows optimal performance in production environments was not found on the java.library.path: C:\Program Files\Java\jdk1.7.0_07\bin;C:\Windows\Sun\Java\bin;C:\Windows\system32;C:\Windows;c:\Program Files\Common Files\NetSarang;C:\Program Files\NVIDIA Corporation\PhysX\Common;C:\Windows\system32;C:\Windows;C:\Windows\System32\Wbem;C:\Windows\System32\WindowsPowerShell\v1.0\;C:\Program Files\Java\jdk1.7.0_07\bin;C:\Program Files\Java\jre7\bin;C:\MATLAB7\bin\win32;C:\Program Files\Microsoft SQL Server\100\Tools\Binn\;C:\Program Files\Microsoft SQL Server\100\DTS\Binn\;C:\Program Files\Microsoft SQL Server\100\Tools\Binn\VSShell\Common7\IDE\;C:\Program Files\Microsoft SQL Server JDBC Driver 3.0\sqljdbc_3.0\chs;.
七月 09, 2014 1:16:16 下午 org.apache.coyote.http11.Http11Protocol init
INFO: Initializing Coyote HTTP/1.1 on http-8080
七月 09, 2014 1:16:16 下午 org.apache.catalina.startup.Catalina load
INFO: Initialization processed in 1658 ms
七月 09, 2014 1:16:17 下午 org.apache.catalina.core.StandardService start
INFO: Starting service Catalina
七月 09, 2014 1:16:17 下午 org.apache.catalina.core.StandardEngine start
INFO: Starting Servlet Engine: Apache Tomcat/6.0.20
七月 09, 2014 1:16:18 下午 org.apache.coyote.http11.Http11Protocol start
INFO: Starting Coyote HTTP/1.1 on http-8080
七月 09, 2014 1:16:18 下午 org.apache.jk.common.ChannelSocket init
INFO: JK: ajp13 listening on /0.0.0.0:8009
七月 09, 2014 1:16:18 下午 org.apache.jk.server.JkMain start
INFO: Jk running ID=0 time=0/28  config=null
七月 09, 2014 1:16:18 下午 org.apache.catalina.startup.Catalina start
INFO: Server startup in 1954 ms
七月 09, 2014 1:18:48 下午 org.apache.catalina.startup.HostConfig checkResources
INFO: Undeploying context [/shopping]
